# JRE version: Java(TM) SE Runtime Environment (7.0_75-b13) (build 1.7.0_75-b13)
# Java VM: Java HotSpot(TM) Client VM (24.75-b04 mixed mode windows-x86 )
Heap
 def new generation   total 3520K, used 3364K [0x02c00000, 0x02fd0000, 0x06950000)
  eden space 3136K,  95% used [0x02c00000, 0x02ee92b8, 0x02f10000)
  from space 384K, 100% used [0x02f10000, 0x02f70000, 0x02f70000)
  to   space 384K,   0% used [0x02f70000, 0x02f70000, 0x02fd0000)
 tenured generation   total 7872K, used 1330K [0x06950000, 0x07100000, 0x0e400000)
   the space 7872K,  16% used [0x06950000, 0x06a9ca78, 0x06a9cc00, 0x07100000)
 compacting perm gen  total 12288K, used 4601K [0x0e400000, 0x0f000000, 0x12400000)
   the space 12288K,  37% used [0x0e400000, 0x0e87e570, 0x0e87e600, 0x0f000000)
GC Heap History (4 events):
Event: 1.923 GC heap before
{Heap before GC invocations=0 (full 0):
 def new generation   total 3520K, used 3136K [0x02c00000, 0x02fd0000, 0x06950000)
  eden space 3136K, 100% used [0x02c00000, 0x02f10000, 0x02f10000)
  from space 384K,   0% used [0x02f10000, 0x02f10000, 0x02f70000)
  to   space 384K,   0% used [0x02f70000, 0x02f70000, 0x02fd0000)
 tenured generation   total 7872K, used 0K [0x06950000, 0x07100000, 0x0e400000)
   the space 7872K,   0% used [0x06950000, 0x06950000, 0x06950200, 0x07100000)
 compacting perm gen  total 12288K, used 2994K [0x0e400000, 0x0f000000, 0x12400000)
   the space 12288K,  24% used [0x0e400000, 0x0e6ecbf8, 0x0e6ecc00, 0x0f000000)
No shared spaces configured.
Event: 1.933 GC heap after
Heap after GC invocations=1 (full 0):
 def new generation   total 3520K, used 384K [0x02c00000, 0x02fd0000, 0x06950000)
  eden space 3136K,   0% used [0x02c00000, 0x02c00000, 0x02f10000)
  from space 384K, 100% used [0x02f70000, 0x02fd0000, 0x02fd0000)
  to   space 384K,   0% used [0x02f10000, 0x02f10000, 0x02f70000)
 tenured generation   total 7872K, used 515K [0x06950000, 0x07100000, 0x0e400000)
   the space 7872K,   6% used [0x06950000, 0x069d0f98, 0x069d1000, 0x07100000)
 compacting perm gen  total 12288K, used 2994K [0x0e400000, 0x0f000000, 0x12400000)
   the space 12288K,  24% used [0x0e400000, 0x0e6ecbf8, 0x0e6ecc00, 0x0f000000)
No shared spaces configured.
}
Event: 7.501 GC heap before
{Heap before GC invocations=1 (full 0):
 def new generation   total 3520K, used 3513K [0x02c00000, 0x02fd0000, 0x06950000)
  eden space 3136K,  99% used [0x02c00000, 0x02f0e610, 0x02f10000)
  from space 384K, 100% used [0x02f70000, 0x02fd0000, 0x02fd0000)
  to   space 384K,   0% used [0x02f10000, 0x02f10000, 0x02f70000)
 tenured generation   total 7872K, used 515K [0x06950000, 0x07100000, 0x0e400000)
   the space 7872K,   6% used [0x06950000, 0x069d0f98, 0x069d1000, 0x07100000)
 compacting perm gen  total 12288K, used 4281K [0x0e400000, 0x0f000000, 0x12400000)
   the space 12288K,  34% used [0x0e400000, 0x0e82e790, 0x0e82e800, 0x0f000000)
No shared spaces configured.
Event: 7.513 GC heap after
Heap after GC invocations=2 (full 0):
 def new generation   total 3520K, used 384K [0x02c00000, 0x02fd0000, 0x06950000)
  eden space 3136K,   0% used [0x02c00000, 0x02c00000, 0x02f10000)
  from space 384K, 100% used [0x02f10000, 0x02f70000, 0x02f70000)
  to   space 384K,   0% used [0x02f70000, 0x02f70000, 0x02fd0000)
 tenured generation   total 7872K, used 1330K [0x06950000, 0x07100000, 0x0e400000)
   the space 7872K,  16% used [0x06950000, 0x06a9ca78, 0x06a9cc00, 0x07100000)
 compacting perm gen  total 12288K, used 4281K [0x0e400000, 0x0f000000, 0x12400000)
   the space 12288K,  34% used [0x0e400000, 0x0e82e790, 0x0e82e800, 0x0f000000)
No shared spaces configured.
}

